2025-06-11 16:48:15 [[32MINFO[39M]: åˆ›å»ºæ¨¡å‹ User çš„ç±»å‹: function
2025-06-11 16:48:15 [[32MINFO[39M]: æ¨¡å‹ User æ³¨å†ŒæˆåŠŸ
2025-06-11 16:48:15 [[32MINFO[39M]: æ¨¡å‹ User æ˜¯æ„é€ å‡½æ•°ï¼Œå¯ä»¥ä½¿ç”¨new User()
Useræ¨¡å‹ç±»å‹: function
Useræ¨¡å‹å·²æˆåŠŸå¯¼å‡ºä¸ºæ„é€ å‡½æ•°
Useræ¨¡å‹è¢«å…¶ä»–æ¨¡å—å¼•ç”¨ï¼Œç¡®ä¿å¯¼å‡ºæ­£ç¡®ç±»å‹
2025-06-11 16:48:15 [[32MINFO[39M]: åˆ›å»ºæ¨¡å‹ UserRole çš„ç±»å‹: function
/Volumes/workSpace/smart_nutrition_restaurant/ai-nutrition-restaurant2025/backend/node_modules/mongoose/lib/schema.js:713
      throw new TypeError(`Invalid schema configuration: \`${val}\` is not ` +
      ^

TypeError: Invalid schema configuration: `å¤‡ä»½ç ` is not a valid type at path `description`. See https://bit.ly/mongoose-schematypes for a list of valid schema types.
    at Schema.add (/Volumes/workSpace/smart_nutrition_restaurant/ai-nutrition-restaurant2025/backend/node_modules/mongoose/lib/schema.js:713:13)
    at new Schema (/Volumes/workSpace/smart_nutrition_restaurant/ai-nutrition-restaurant2025/backend/node_modules/mongoose/lib/schema.js:141:10)
    at Schema.interpretAsType (/Volumes/workSpace/smart_nutrition_restaurant/ai-nutrition-restaurant2025/backend/node_modules/mongoose/lib/schema.js:1382:29)
    at Schema.path (/Volumes/workSpace/smart_nutrition_restaurant/ai-nutrition-restaurant2025/backend/node_modules/mongoose/lib/schema.js:1069:27)
    at Schema.add (/Volumes/workSpace/smart_nutrition_restaurant/ai-nutrition-restaurant2025/backend/node_modules/mongoose/lib/schema.js:733:12)
    at Schema.add (/Volumes/workSpace/smart_nutrition_restaurant/ai-nutrition-restaurant2025/backend/node_modules/mongoose/lib/schema.js:751:12)
    at new Schema (/Volumes/workSpace/smart_nutrition_restaurant/ai-nutrition-restaurant2025/backend/node_modules/mongoose/lib/schema.js:141:10)
    at Object.<anonymous> (/Volumes/workSpace/smart_nutrition_restaurant/ai-nutrition-restaurant2025/backend/models/user/adminModel.js:6:21)
    at Module._compile (node:internal/modules/cjs/loader:1554:14)
    at Object..js (node:internal/modules/cjs/loader:1706:10)

Node.js v22.14.0
